<?xml version="1.0" encoding="UTF-8"?>
<!-- Generated by org.testng.reporters.JUnitReportReporter -->
<testsuite hostname="LIN-5CD5329NY4" failures="2" tests="3" name="Com.Gmail.Users.TestCases.TestRunner" time="32.707" errors="0" timestamp="2025-10-29T16:38:18 IST" skipped="0">
  <testcase classname="Com.Gmail.Users.TestCases.TestRunner" name="runScenario" time="11.927"/>
  <testcase classname="Com.Gmail.Users.TestCases.TestRunner" name="runScenario" time="10.471">
    <failure message="There was some issue while running the testcase expected [true] but found [false]" type="java.lang.AssertionError">
      <![CDATA[java.lang.AssertionError: There was some issue while running the testcase expected [true] but found [false]
at org.testng.Assert.fail(Assert.java:111)
at org.testng.Assert.failNotEquals(Assert.java:1578)
at org.testng.Assert.assertTrue(Assert.java:57)
at Com.Gmail.Users.StepDef.TourLoginDemo.its_navigated_to_the(TourLoginDemo.java:78)
at ✽.Its navigated to the "Enter your userName and password correct"(file:///C:/Users/soumbish/eclipse-workspace/HDFC3/./src/test/java/Com/Gmail/Users/Features/TourLogin.feature:46)
]]>
    </failure>
  </testcase> <!-- runScenario -->
  <testcase classname="Com.Gmail.Users.TestCases.TestRunner" name="runScenario" time="10.309">
    <failure message="There was some issue while running the testcase expected [true] but found [false]" type="java.lang.AssertionError">
      <![CDATA[java.lang.AssertionError: There was some issue while running the testcase expected [true] but found [false]
at org.testng.Assert.fail(Assert.java:111)
at org.testng.Assert.failNotEquals(Assert.java:1578)
at org.testng.Assert.assertTrue(Assert.java:57)
at Com.Gmail.Users.StepDef.TourLoginDemo.its_navigated_to_the(TourLoginDemo.java:78)
at ✽.Its navigated to the "Enter your userName and password correct"(file:///C:/Users/soumbish/eclipse-workspace/HDFC3/./src/test/java/Com/Gmail/Users/Features/TourLogin.feature:46)
]]>
    </failure>
  </testcase> <!-- runScenario -->
</testsuite> <!-- Com.Gmail.Users.TestCases.TestRunner -->
