<?xml version="1.0" encoding="UTF-8"?>
<!-- Generated by org.testng.reporters.JUnitXMLReporter -->
<testsuite ignored="0" hostname="LIN-5CD5329NY4" failures="2" tests="3" name="Cucumber Test" time="34.241" errors="0" timestamp="2025-10-29T16:38:18 IST">
  <testcase classname="io.cucumber.testng.AbstractTestNGCucumberTests" name="runScenario" time="11.927"/>
  <testcase classname="io.cucumber.testng.AbstractTestNGCucumberTests" name="runScenario" time="10.471">
    <failure type="java.lang.AssertionError" message="There was some issue while running the testcase expected [true] but found [false]">
      <![CDATA[java.lang.AssertionError: There was some issue while running the testcase expected [true] but found [false]
at Com.Gmail.Users.StepDef.TourLoginDemo.its_navigated_to_the(TourLoginDemo.java:78)
at ✽.Its navigated to the "Enter your userName and password correct"(file:///C:/Users/soumbish/eclipse-workspace/HDFC3/./src/test/java/Com/Gmail/Users/Features/TourLogin.feature:46)
... Removed 3 stack frames]]>
    </failure>
  </testcase> <!-- runScenario -->
  <testcase classname="io.cucumber.testng.AbstractTestNGCucumberTests" name="runScenario" time="10.309">
    <failure type="java.lang.AssertionError" message="There was some issue while running the testcase expected [true] but found [false]">
      <![CDATA[java.lang.AssertionError: There was some issue while running the testcase expected [true] but found [false]
at Com.Gmail.Users.StepDef.TourLoginDemo.its_navigated_to_the(TourLoginDemo.java:78)
at ✽.Its navigated to the "Enter your userName and password correct"(file:///C:/Users/soumbish/eclipse-workspace/HDFC3/./src/test/java/Com/Gmail/Users/Features/TourLogin.feature:46)
... Removed 3 stack frames]]>
    </failure>
  </testcase> <!-- runScenario -->
</testsuite> <!-- Cucumber Test -->
