<?xml version="1.0" encoding="UTF-8"?>
<testng-results ignored="0" total="3" passed="1" failed="2" skipped="0">
  <reporter-output>
  </reporter-output>
  <suite started-at="2025-10-29T16:37:44 IST" name="Suite" finished-at="2025-10-29T16:38:18 IST" duration-ms="34241">
    <groups>
      <group name="cucumber">
        <method signature="AbstractTestNGCucumberTests.runScenario(io.cucumber.testng.PickleWrapper,io.cucumber.testng.FeatureWrapper)[pri:0, instance:Com.Gmail.Users.TestCases.TestRunner@1ff4931d]" name="runScenario" class="io.cucumber.testng.AbstractTestNGCucumberTests"/>
      </group> <!-- cucumber -->
    </groups>
    <test started-at="2025-10-29T16:37:44 IST" name="Cucumber Test" finished-at="2025-10-29T16:38:18 IST" duration-ms="34241">
      <class name="Com.Gmail.Users.TestCases.TestRunner">
        <test-method is-config="true" signature="setUpClass(org.testng.ITestContext)[pri:0, instance:Com.Gmail.Users.TestCases.TestRunner@1ff4931d]" started-at="2025-10-29T16:37:44 IST" name="setUpClass" finished-at="2025-10-29T16:37:45 IST" duration-ms="1041" status="PASS">
          <params>
            <param index="0">
              <value>
                <![CDATA[org.testng.TestRunner@321ca237]]>
              </value>
            </param>
          </params>
          <reporter-output>
          </reporter-output>
        </test-method> <!-- setUpClass -->
        <test-method signature="runScenario(io.cucumber.testng.PickleWrapper,io.cucumber.testng.FeatureWrapper)[pri:0, instance:Com.Gmail.Users.TestCases.TestRunner@1ff4931d]" started-at="2025-10-29T16:37:45 IST" name="runScenario" description="Runs Cucumber Scenarios" data-provider="scenarios" finished-at="2025-10-29T16:37:57 IST" duration-ms="11927" status="PASS">
          <params>
            <param index="0">
              <value>
                <![CDATA["Data driven testing using Scenarion Outline"]]>
              </value>
            </param>
            <param index="1">
              <value>
                <![CDATA["Tour login"]]>
              </value>
            </param>
          </params>
          <reporter-output>
          </reporter-output>
        </test-method> <!-- runScenario -->
        <test-method signature="runScenario(io.cucumber.testng.PickleWrapper,io.cucumber.testng.FeatureWrapper)[pri:0, instance:Com.Gmail.Users.TestCases.TestRunner@1ff4931d]" started-at="2025-10-29T16:37:57 IST" name="runScenario" description="Runs Cucumber Scenarios" data-provider="scenarios" finished-at="2025-10-29T16:38:07 IST" duration-ms="10471" status="FAIL">
          <params>
            <param index="0">
              <value>
                <![CDATA["Data driven testing using Scenarion Outline"]]>
              </value>
            </param>
            <param index="1">
              <value>
                <![CDATA["Tour login"]]>
              </value>
            </param>
          </params>
          <exception class="java.lang.AssertionError">
            <message>
              <![CDATA[There was some issue while running the testcase expected [true] but found [false]]]>
            </message>
            <full-stacktrace>
              <![CDATA[java.lang.AssertionError: There was some issue while running the testcase expected [true] but found [false]
at org.testng.Assert.fail(Assert.java:111)
at org.testng.Assert.failNotEquals(Assert.java:1578)
at org.testng.Assert.assertTrue(Assert.java:57)
at Com.Gmail.Users.StepDef.TourLoginDemo.its_navigated_to_the(TourLoginDemo.java:78)
at ✽.Its navigated to the "Enter your userName and password correct"(file:///C:/Users/soumbish/eclipse-workspace/HDFC3/./src/test/java/Com/Gmail/Users/Features/TourLogin.feature:46)
]]>
            </full-stacktrace>
          </exception> <!-- java.lang.AssertionError -->
          <reporter-output>
          </reporter-output>
        </test-method> <!-- runScenario -->
        <test-method signature="runScenario(io.cucumber.testng.PickleWrapper,io.cucumber.testng.FeatureWrapper)[pri:0, instance:Com.Gmail.Users.TestCases.TestRunner@1ff4931d]" started-at="2025-10-29T16:38:07 IST" name="runScenario" description="Runs Cucumber Scenarios" data-provider="scenarios" finished-at="2025-10-29T16:38:18 IST" duration-ms="10309" status="FAIL">
          <params>
            <param index="0">
              <value>
                <![CDATA["Data driven testing using Scenarion Outline"]]>
              </value>
            </param>
            <param index="1">
              <value>
                <![CDATA["Tour login"]]>
              </value>
            </param>
          </params>
          <exception class="java.lang.AssertionError">
            <message>
              <![CDATA[There was some issue while running the testcase expected [true] but found [false]]]>
            </message>
            <full-stacktrace>
              <![CDATA[java.lang.AssertionError: There was some issue while running the testcase expected [true] but found [false]
at org.testng.Assert.fail(Assert.java:111)
at org.testng.Assert.failNotEquals(Assert.java:1578)
at org.testng.Assert.assertTrue(Assert.java:57)
at Com.Gmail.Users.StepDef.TourLoginDemo.its_navigated_to_the(TourLoginDemo.java:78)
at ✽.Its navigated to the "Enter your userName and password correct"(file:///C:/Users/soumbish/eclipse-workspace/HDFC3/./src/test/java/Com/Gmail/Users/Features/TourLogin.feature:46)
]]>
            </full-stacktrace>
          </exception> <!-- java.lang.AssertionError -->
          <reporter-output>
          </reporter-output>
        </test-method> <!-- runScenario -->
        <test-method is-config="true" signature="tearDownClass()[pri:0, instance:Com.Gmail.Users.TestCases.TestRunner@1ff4931d]" started-at="2025-10-29T16:38:18 IST" name="tearDownClass" finished-at="2025-10-29T16:38:18 IST" duration-ms="429" status="PASS">
          <reporter-output>
          </reporter-output>
        </test-method> <!-- tearDownClass -->
      </class> <!-- Com.Gmail.Users.TestCases.TestRunner -->
    </test> <!-- Cucumber Test -->
  </suite> <!-- Suite -->
</testng-results>
